cl : command line  warning D9035: option 'Gm' has been deprecated and will be removed in a future release
  SwitchToPlayMode.cpp
  SwitchToDesignMode.cpp
  Snake.cpp
  savegridaction.cpp
  RollDiceAction.cpp
  Main.cpp
  Player.cpp
  PasteCard.cpp
  Output.cpp
  NewGameAction.cpp
  loadgridaction.cpp
  Ladder.cpp
  inputDiceValueAction.cpp
  Input.cpp
  Grid.cpp
  GameObject.cpp
  DeleteGameObject.cpp
  CutCard.cpp
  CopyCard.cpp
  windowinput.cpp
  Generating Code...
  Compiling...
  mousequeue.cpp
  keyqueue.cpp
  image.cpp
D:\faculty\first year\1st\project 2\PT project final\CMUgraphicsLib\image.cpp(115,29): warning C4018: '<': signed/unsigned mismatch
  colors.cpp
  CMUgraphics.cpp
D:\faculty\first year\1st\project 2\PT project final\CMUgraphicsLib\CMUgraphics.cpp(257,9): warning C4101: 'iX': unreferenced local variable
D:\faculty\first year\1st\project 2\PT project final\CMUgraphicsLib\CMUgraphics.cpp(257,13): warning C4101: 'iY': unreferenced local variable
D:\faculty\first year\1st\project 2\PT project final\CMUgraphicsLib\CMUgraphics.cpp(751,3): warning C4996: 'strcpy': This function or variable may be unsafe. Consider using strcpy_s instead. To disable deprecation, use _CRT_SECURE_NO_WARNINGS. See online help for details.
D:\faculty\first year\1st\project 2\PT project final\CMUgraphicsLib\CMUgraphics.cpp(1164,2): warning C4996: 'sprintf': This function or variable may be unsafe. Consider using sprintf_s instead. To disable deprecation, use _CRT_SECURE_NO_WARNINGS. See online help for details.
D:\faculty\first year\1st\project 2\PT project final\CMUgraphicsLib\CMUgraphics.cpp(1171,2): warning C4996: 'sprintf': This function or variable may be unsafe. Consider using sprintf_s instead. To disable deprecation, use _CRT_SECURE_NO_WARNINGS. See online help for details.
D:\faculty\first year\1st\project 2\PT project final\CMUgraphicsLib\CMUgraphics.cpp(1202,2): warning C4996: 'sprintf': This function or variable may be unsafe. Consider using sprintf_s instead. To disable deprecation, use _CRT_SECURE_NO_WARNINGS. See online help for details.
D:\faculty\first year\1st\project 2\PT project final\CMUgraphicsLib\CMUgraphics.cpp(1210,2): warning C4996: 'sprintf': This function or variable may be unsafe. Consider using sprintf_s instead. To disable deprecation, use _CRT_SECURE_NO_WARNINGS. See online help for details.
D:\faculty\first year\1st\project 2\PT project final\CMUgraphicsLib\CMUgraphics.cpp(1357,23): warning C4018: '>': signed/unsigned mismatch
  auxil.cpp
  CellPosition.cpp
  Cell.cpp
  CardTwo.cpp
  CardTwelve.cpp
  CardThree.cpp
  CardTen.cpp
  CardSix.cpp
  CardSeven.cpp
  CardOne.cpp
  CardNine.cpp
  CardFour.cpp
  CardFive.cpp
  CardEleven.cpp
  CardEight.cpp
  Generating Code...
  Compiling...
  Card.cpp
  ApplicationManager.cpp
  AddSnakeAction.cpp
  AddLadderAction.cpp
  AddCardAction.cpp
  Action.cpp
  Generating Code...
D:\faculty\first year\1st\project 2\PT project final\Card.cpp(49): warning C4715: 'Card::getpriceandfees': not all control paths return a value
cl : command line  warning D9035: option 'Gm' has been deprecated and will be removed in a future release
  jutils.c
  jquant2.c
  jquant1.c
  jmemnobs.c
  jmemmgr.c
D:\faculty\first year\1st\project 2\PT project final\CMUgraphicsLib\jpeg\jmemmgr.c(1103,19): warning C4996: 'getenv': This function or variable may be unsafe. Consider using _dupenv_s instead. To disable deprecation, use _CRT_SECURE_NO_WARNINGS. See online help for details.
D:\faculty\first year\1st\project 2\PT project final\CMUgraphicsLib\jpeg\jmemmgr.c(1106,11): warning C4996: 'sscanf': This function or variable may be unsafe. Consider using sscanf_s instead. To disable deprecation, use _CRT_SECURE_NO_WARNINGS. See online help for details.
  jidctred.c
  jidctint.c
  jidctfst.c
  jidctflt.c
  jerror.c
D:\faculty\first year\1st\project 2\PT project final\CMUgraphicsLib\jpeg\jerror.c(169,5): warning C4996: 'sprintf': This function or variable may be unsafe. Consider using sprintf_s instead. To disable deprecation, use _CRT_SECURE_NO_WARNINGS. See online help for details.
D:\faculty\first year\1st\project 2\PT project final\CMUgraphicsLib\jpeg\jerror.c(171,5): warning C4996: 'sprintf': This function or variable may be unsafe. Consider using sprintf_s instead. To disable deprecation, use _CRT_SECURE_NO_WARNINGS. See online help for details.
  jdtrans.c
  jdsample.c
  jdpostct.c
  jdphuff.c
  jdmerge.c
  jdmaster.c
  jdmarker.c
  jdmainct.c
  jdinput.c
  jdhuff.c
  Generating Code...
  Compiling...
  jddctmgr.c
  jdcolor.c
  jdcoefct.c
  jdatasrc.c
  jdapistd.c
  jdapimin.c
  jcparam.c
  jcomapi.c
  jpegload.c
D:\faculty\first year\1st\project 2\PT project final\CMUgraphicsLib\jpegload.c(23,12): warning C4996: 'fopen': This function or variable may be unsafe. Consider using fopen_s instead. To disable deprecation, use _CRT_SECURE_NO_WARNINGS. See online help for details.
  Generating Code...
Action.obj : warning LNK4075: ignoring '/EDITANDCONTINUE' due to '/SAFESEH' specification
  PT-Project.vcxproj -> D:\faculty\first year\1st\project 2\PT project final\Debug\PT Project.exe
